<?xml version="1.0" encoding="UTF-8"?>
<testsuite xmlns:xsi="http://www.w3.org/2001/XMLSchema-instance" xsi:noNamespaceSchemaLocation="https://maven.apache.org/surefire/maven-surefire-plugin/xsd/surefire-test-report-3.0.xsd" version="3.0" name="com.javalaabs.patterns.behavioral.strategy.StrategyTest" time="0.016" tests="6" errors="0" skipped="0" failures="0">
  <properties>
[...]
</properties>
  <testcase name="testSubtractStrategy" classname="com.javalaabs.patterns.behavioral.strategy.StrategyTest" time="0.004">
    <system-out><![CDATA[18:18:00.286 [main] INFO com.javalaabs.patterns.behavioral.strategy.Context -- 切换策略: 减法策略
18:18:00.286 [main] INFO com.javalaabs.patterns.behavioral.strategy.Context -- 使用策略 [减法策略] 执行计算
18:18:00.286 [main] INFO com.javalaabs.patterns.behavioral.strategy.SubtractStrategy -- 执行减法策略: 10 - 5 = 5
]]></system-out>
  </testcase>
  <testcase name="testStrategySwitch" classname="com.javalaabs.patterns.behavioral.strategy.StrategyTest" time="0.002">
    <system-out><![CDATA[18:18:00.288 [main] INFO com.javalaabs.patterns.behavioral.strategy.Context -- 切换策略: 加法策略
18:18:00.288 [main] INFO com.javalaabs.patterns.behavioral.strategy.Context -- 使用策略 [加法策略] 执行计算
18:18:00.288 [main] INFO com.javalaabs.patterns.behavioral.strategy.AddStrategy -- 执行加法策略: 8 + 4 = 12
18:18:00.288 [main] INFO com.javalaabs.patterns.behavioral.strategy.Context -- 切换策略: 减法策略
18:18:00.288 [main] INFO com.javalaabs.patterns.behavioral.strategy.Context -- 使用策略 [减法策略] 执行计算
18:18:00.288 [main] INFO com.javalaabs.patterns.behavioral.strategy.SubtractStrategy -- 执行减法策略: 8 - 4 = 4
18:18:00.288 [main] INFO com.javalaabs.patterns.behavioral.strategy.Context -- 切换策略: 乘法策略
18:18:00.288 [main] INFO com.javalaabs.patterns.behavioral.strategy.Context -- 使用策略 [乘法策略] 执行计算
18:18:00.288 [main] INFO com.javalaabs.patterns.behavioral.strategy.MultiplyStrategy -- 执行乘法策略: 8 * 4 = 32
]]></system-out>
  </testcase>
  <testcase name="testAddStrategy" classname="com.javalaabs.patterns.behavioral.strategy.StrategyTest" time="0.0">
    <system-out><![CDATA[18:18:00.290 [main] INFO com.javalaabs.patterns.behavioral.strategy.Context -- 切换策略: 加法策略
18:18:00.290 [main] INFO com.javalaabs.patterns.behavioral.strategy.Context -- 使用策略 [加法策略] 执行计算
18:18:00.290 [main] INFO com.javalaabs.patterns.behavioral.strategy.AddStrategy -- 执行加法策略: 10 + 5 = 15
]]></system-out>
  </testcase>
  <testcase name="testMultiplyStrategy" classname="com.javalaabs.patterns.behavioral.strategy.StrategyTest" time="0.0">
    <system-out><![CDATA[18:18:00.291 [main] INFO com.javalaabs.patterns.behavioral.strategy.Context -- 切换策略: 乘法策略
18:18:00.291 [main] INFO com.javalaabs.patterns.behavioral.strategy.Context -- 使用策略 [乘法策略] 执行计算
18:18:00.291 [main] INFO com.javalaabs.patterns.behavioral.strategy.MultiplyStrategy -- 执行乘法策略: 10 * 5 = 50
]]></system-out>
  </testcase>
  <testcase name="testStrategyNames" classname="com.javalaabs.patterns.behavioral.strategy.StrategyTest" time="0.001"/>
  <testcase name="testNoStrategyException" classname="com.javalaabs.patterns.behavioral.strategy.StrategyTest" time="0.002"/>
</testsuite>