<?xml version="1.0" encoding="UTF-8"?>
<testsuite xmlns:xsi="http://www.w3.org/2001/XMLSchema-instance" xsi:noNamespaceSchemaLocation="https://maven.apache.org/surefire/maven-surefire-plugin/xsd/surefire-test-report-3.0.xsd" version="3.0" name="com.javalaabs.crypto.encoding.BaseConverterTest" time="0.051" tests="9" errors="0" skipped="0" failures="0">
  <properties>
[...]
</properties>
  <testcase name="testDecimalToBinary" classname="com.javalaabs.crypto.encoding.BaseConverterTest" time="0.03">
    <system-out><![CDATA[12:03:17.150 [main] DEBUG com.javalaabs.crypto.encoding.BaseConverter -- 十进制 0 转换为 2-进制: 1010
12:03:17.152 [main] DEBUG com.javalaabs.crypto.encoding.BaseConverter -- 十进制 0 转换为 2-进制: 1111
12:03:17.152 [main] DEBUG com.javalaabs.crypto.encoding.BaseConverter -- 十进制 0 转换为 2-进制: -1010
]]></system-out>
  </testcase>
  <testcase name="testConvertBase" classname="com.javalaabs.crypto.encoding.BaseConverterTest" time="0.001">
    <system-out><![CDATA[12:03:17.156 [main] DEBUG com.javalaabs.crypto.encoding.BaseConverter -- 2-进制 1010 转换为十进制: 10
12:03:17.156 [main] DEBUG com.javalaabs.crypto.encoding.BaseConverter -- 十进制 0 转换为 16-进制: A
12:03:17.156 [main] DEBUG com.javalaabs.crypto.encoding.BaseConverter -- 8-进制 10 转换为十进制: 8
12:03:17.156 [main] DEBUG com.javalaabs.crypto.encoding.BaseConverter -- 十进制 0 转换为 10-进制: 8
12:03:17.156 [main] DEBUG com.javalaabs.crypto.encoding.BaseConverter -- 10-进制 35 转换为十进制: 35
12:03:17.156 [main] DEBUG com.javalaabs.crypto.encoding.BaseConverter -- 十进制 0 转换为 36-进制: Z
]]></system-out>
  </testcase>
  <testcase name="testBinaryToDecimal" classname="com.javalaabs.crypto.encoding.BaseConverterTest" time="0.001">
    <system-out><![CDATA[12:03:17.158 [main] DEBUG com.javalaabs.crypto.encoding.BaseConverter -- 2-进制 1010 转换为十进制: 10
12:03:17.158 [main] DEBUG com.javalaabs.crypto.encoding.BaseConverter -- 2-进制 1111 转换为十进制: 15
12:03:17.158 [main] DEBUG com.javalaabs.crypto.encoding.BaseConverter -- 2-进制 0 转换为十进制: 0
]]></system-out>
  </testcase>
  <testcase name="testBigIntegerConversion" classname="com.javalaabs.crypto.encoding.BaseConverterTest" time="0.001">
    <system-out><![CDATA[12:03:17.159 [main] DEBUG com.javalaabs.crypto.encoding.BaseConverter -- 大数16-进制 FFFFFFFFFF 转换为2-进制: 1111111111111111111111111111111111111111
12:03:17.159 [main] DEBUG com.javalaabs.crypto.encoding.BaseConverter -- 大数2-进制 1111111111111111111111111111111111111111 转换为16-进制: FFFFFFFFFF
]]></system-out>
  </testcase>
  <testcase name="testGetAllBaseConversions" classname="com.javalaabs.crypto.encoding.BaseConverterTest" time="0.0">
    <system-out><![CDATA[12:03:17.160 [main] DEBUG com.javalaabs.crypto.encoding.BaseConverter -- 十进制 0 转换为 2-进制: 11111111
12:03:17.160 [main] DEBUG com.javalaabs.crypto.encoding.BaseConverter -- 十进制 0 转换为 8-进制: 377
12:03:17.160 [main] DEBUG com.javalaabs.crypto.encoding.BaseConverter -- 十进制 0 转换为 16-进制: FF
12:03:17.160 [main] DEBUG com.javalaabs.crypto.encoding.BaseConverter -- 十进制 0 转换为 32-进制: 7V
12:03:17.160 [main] DEBUG com.javalaabs.crypto.encoding.BaseConverter -- 数字 0 编码为 Base62: 47
]]></system-out>
  </testcase>
  <testcase name="testHexToDecimal" classname="com.javalaabs.crypto.encoding.BaseConverterTest" time="0.0">
    <system-out><![CDATA[12:03:17.161 [main] DEBUG com.javalaabs.crypto.encoding.BaseConverter -- 16-进制 A 转换为十进制: 10
12:03:17.161 [main] DEBUG com.javalaabs.crypto.encoding.BaseConverter -- 16-进制 FF 转换为十进制: 255
12:03:17.161 [main] DEBUG com.javalaabs.crypto.encoding.BaseConverter -- 16-进制 100 转换为十进制: 256
]]></system-out>
  </testcase>
  <testcase name="testErrorHandling" classname="com.javalaabs.crypto.encoding.BaseConverterTest" time="0.004"/>
  <testcase name="testDecimalToHex" classname="com.javalaabs.crypto.encoding.BaseConverterTest" time="0.0">
    <system-out><![CDATA[12:03:17.166 [main] DEBUG com.javalaabs.crypto.encoding.BaseConverter -- 十进制 0 转换为 16-进制: A
12:03:17.166 [main] DEBUG com.javalaabs.crypto.encoding.BaseConverter -- 十进制 0 转换为 16-进制: FF
12:03:17.166 [main] DEBUG com.javalaabs.crypto.encoding.BaseConverter -- 十进制 0 转换为 16-进制: 100
]]></system-out>
  </testcase>
  <testcase name="testBase62" classname="com.javalaabs.crypto.encoding.BaseConverterTest" time="0.0">
    <system-out><![CDATA[12:03:17.167 [main] DEBUG com.javalaabs.crypto.encoding.BaseConverter -- 数字 0 编码为 Base62: 3D7
12:03:17.167 [main] DEBUG com.javalaabs.crypto.encoding.BaseConverter -- Base62 3D7 解码为数字: 12345
]]></system-out>
  </testcase>
</testsuite>